<?xml version="1.0" encoding="UTF-8"?>
<!-- Generated by org.testng.reporters.JUnitReportReporter -->
<testsuite hostname="DESKTOP-K9IDLQJ" failures="0" tests="1" name="tests.GoogleSearchTest" time="73.832" errors="0" timestamp="2025-10-29T21:41:57 IST" skipped="0">
  <testcase classname="tests.GoogleSearchTest" name="testGoogleSearch" time="73.832"/>
</testsuite> <!-- tests.GoogleSearchTest -->
